           _                 _    
  __ _  __| |_ __ __ _ _ __ | |_  
 / _` |/ _` | '__/ _` | '_ \| __| 
| (_| | (_| | | | (_| | | | | |_  
 \__, |\__,_|_|  \__,_|_| |_|\__| 
    |_|                           

Version: 1.18.2, build: 44ad62f8
Access web UI at http://localhost:6333/dashboard
Agentic Skills: https://skills.qdrant.tech/

2026-06-16T06:18:32.775918Z  WARN qdrant::settings: Config file not found: config/config
2026-06-16T06:18:32.775943Z  WARN qdrant::settings: Config file not found: config/development
2026-06-16T06:18:32.776668Z  INFO storage::content_manager::consensus::persistent: Initializing new raft state at ./storage/raft_state.json
2026-06-16T06:18:33.183524Z  INFO qdrant: Distributed mode disabled
2026-06-16T06:18:33.183571Z  INFO qdrant: Telemetry reporting enabled, id: 1dd674b2-4941-427b-a31c-aa98cc679b1e
2026-06-16T06:18:33.190837Z  WARN qdrant::actix::web_ui: Static content folder for Web UI './static' does not exist
2026-06-16T06:18:33.190895Z  INFO qdrant::actix: REST transport settings: keep_alive=5s, client_request_timeout=5s, client_disconnect_timeout=5s
2026-06-16T06:18:33.190901Z  INFO qdrant::actix: TLS disabled for REST API
2026-06-16T06:18:33.196300Z  INFO qdrant::tonic: Qdrant gRPC listening on 6334
2026-06-16T06:18:33.196331Z  INFO qdrant::tonic: TLS disabled for gRPC API
2026-06-16T06:18:33.251875Z  INFO qdrant::actix: Qdrant HTTP listening on 6333
2026-06-16T06:18:33.251908Z  INFO actix_server::builder: starting 11 workers
2026-06-16T06:18:33.251916Z  INFO actix_server::server: Actix runtime found; starting in Actix runtime
2026-06-16T06:18:33.251920Z  INFO actix_server::server: starting service: "actix-web-service-0.0.0.0:6333", workers: 11, listening on: 0.0.0.0:6333
